<?xml version="1.0" encoding="UTF-8"?>
<!-- Generated by org.testng.reporters.JUnitReportReporter -->
<testsuite hostname="LAPTOP-K88R6NSI" failures="0" tests="1" name="TestLayer.LoginPageTest" time="16.339" errors="0" timestamp="2023-07-13T13:58:50 IST" skipped="0">
  <testcase classname="TestLayer.LoginPageTest" name="validateLoginFuctionality" time="16.339"/>
  <system-out/>
</testsuite> <!-- TestLayer.LoginPageTest -->
